<?xml version="1.0" encoding="UTF-8"?>
<robot generator="Robot 6.0.2 (Python 3.11.1 on win32)" generated="20230120 17:38:51.132" rpa="false" schemaversion="3">
<suite id="s1" name="Demo1 App Lunch" source="C:\Users\40032395\OneDrive - LTTS\Robots_projets\appium_suit\demo1_app_lunch.robot">
<test id="s1-t1" name="TC1" line="6">
<kw name="Open Application" library="AppiumLibrary">
<arg>remote_url=http://localhost:4723/wd/hub</arg>
<arg>platformName=android</arg>
<arg>deviceName=oneplus</arg>
<arg>app=C:${/}Users${/}40032395${/}Downloads${/}khan-academy-7-3-2.apk</arg>
<doc>Opens a new application to given Appium server.
Capabilities of appium server, Android and iOS,
Please check https://github.com/appium/appium/blob/master/docs/en/writing-running-appium/server-args.md
| *Option*            | *Man.* | *Description*     |
| remote_url          | Yes    | Appium server url |
| alias               | no     | alias             |
| strict_ssl          | No     | allows you to send commands to an invalid certificate host like a self-signed one. |</doc>
<status status="PASS" starttime="20230120 17:38:51.583" endtime="20230120 17:39:05.169"/>
</kw>
<kw name="Wait Until Page Contains Element" library="AppiumLibrary">
<arg>xpath=//*[@text='Dismiss']</arg>
<doc>Waits until element specified with `locator` appears on current page.</doc>
<msg timestamp="20230120 17:39:08.472" level="INFO">xpath criteria: //*[@text='Dismiss']
xpath criteria: //*[@text='Dismiss']
xpath criteria: //*[@text='Dismiss']</msg>
<status status="PASS" starttime="20230120 17:39:05.170" endtime="20230120 17:39:08.476"/>
</kw>
<kw name="Click Element" library="AppiumLibrary">
<arg>xpath=//*[@text='Dismiss']</arg>
<doc>Click element identified by `locator`.</doc>
<msg timestamp="20230120 17:39:08.478" level="INFO">Clicking element 'xpath=//*[@text='Dismiss']'.</msg>
<msg timestamp="20230120 17:39:10.884" level="INFO">xpath criteria: //*[@text='Dismiss']</msg>
<status status="PASS" starttime="20230120 17:39:08.476" endtime="20230120 17:39:10.884"/>
</kw>
<kw name="Wait Until Page Contains Element" library="AppiumLibrary">
<arg>xpath=//*[@text='Sign in']</arg>
<doc>Waits until element specified with `locator` appears on current page.</doc>
<msg timestamp="20230120 17:39:10.950" level="INFO">xpath criteria: //*[@text='Sign in']</msg>
<status status="PASS" starttime="20230120 17:39:10.884" endtime="20230120 17:39:10.950"/>
</kw>
<kw name="Click Element" library="AppiumLibrary">
<arg>xpath=//*[@text='Sign in']</arg>
<doc>Click element identified by `locator`.</doc>
<msg timestamp="20230120 17:39:10.951" level="INFO">Clicking element 'xpath=//*[@text='Sign in']'.</msg>
<msg timestamp="20230120 17:39:11.071" level="INFO">xpath criteria: //*[@text='Sign in']</msg>
<status status="PASS" starttime="20230120 17:39:10.950" endtime="20230120 17:39:11.071"/>
</kw>
<kw name="Wait Until Page Contains Element" library="AppiumLibrary">
<arg>xpath=//*[@text='Sign in']</arg>
<doc>Waits until element specified with `locator` appears on current page.</doc>
<msg timestamp="20230120 17:39:11.724" level="INFO">xpath criteria: //*[@text='Sign in']</msg>
<status status="PASS" starttime="20230120 17:39:11.072" endtime="20230120 17:39:11.725"/>
</kw>
<kw name="Click Element" library="AppiumLibrary">
<arg>xpath=//*[@text='Sign in']</arg>
<doc>Click element identified by `locator`.</doc>
<msg timestamp="20230120 17:39:11.727" level="INFO">Clicking element 'xpath=//*[@text='Sign in']'.</msg>
<msg timestamp="20230120 17:39:11.816" level="INFO">xpath criteria: //*[@text='Sign in']</msg>
<status status="PASS" starttime="20230120 17:39:11.725" endtime="20230120 17:39:11.817"/>
</kw>
<kw name="Input Text" library="AppiumLibrary">
<arg>xpath=//*[@text='Enter an e-mail address or username']</arg>
<arg>masani@gmail.com</arg>
<doc>Types the given `text` into text field identified by `locator`.</doc>
<msg timestamp="20230120 17:39:11.820" level="INFO">Typing text 'masani@gmail.com' into text field 'xpath=//*[@text='Enter an e-mail address or username']'</msg>
<msg timestamp="20230120 17:39:13.944" level="INFO">xpath criteria: //*[@text='Enter an e-mail address or username']</msg>
<status status="PASS" starttime="20230120 17:39:11.817" endtime="20230120 17:39:13.944"/>
</kw>
<kw name="Input Text" library="AppiumLibrary">
<arg>xpath=//*[@text='Password']</arg>
<arg>sai123</arg>
<doc>Types the given `text` into text field identified by `locator`.</doc>
<msg timestamp="20230120 17:39:13.948" level="INFO">Typing text 'sai123' into text field 'xpath=//*[@text='Password']'</msg>
<msg timestamp="20230120 17:39:15.017" level="INFO">xpath criteria: //*[@text='Password']</msg>
<status status="PASS" starttime="20230120 17:39:13.945" endtime="20230120 17:39:15.017"/>
</kw>
<kw name="Wait Until Page Contains Element" library="AppiumLibrary">
<arg>xpath=(//*[@text='Sign in'])[2]</arg>
<doc>Waits until element specified with `locator` appears on current page.</doc>
<msg timestamp="20230120 17:39:15.836" level="INFO">xpath criteria: (//*[@text='Sign in'])[2]</msg>
<status status="PASS" starttime="20230120 17:39:15.017" endtime="20230120 17:39:15.836"/>
</kw>
<kw name="Click Element" library="AppiumLibrary">
<arg>xpath=(//*[@text='Sign in'])[2]</arg>
<doc>Click element identified by `locator`.</doc>
<msg timestamp="20230120 17:39:15.836" level="INFO">Clicking element 'xpath=(//*[@text='Sign in'])[2]'.</msg>
<msg timestamp="20230120 17:39:15.939" level="INFO">xpath criteria: (//*[@text='Sign in'])[2]</msg>
<status status="PASS" starttime="20230120 17:39:15.836" endtime="20230120 17:39:15.939"/>
</kw>
<kw name="Wait Until Page Contains Element" library="AppiumLibrary">
<arg>xpath=//*[@text='There was an issue signing in']</arg>
<doc>Waits until element specified with `locator` appears on current page.</doc>
<msg timestamp="20230120 17:39:17.173" level="INFO">xpath criteria: //*[@text='There was an issue signing in']
xpath criteria: //*[@text='There was an issue signing in']
xpath criteria: //*[@text='There was an issue signing in']</msg>
<status status="PASS" starttime="20230120 17:39:15.939" endtime="20230120 17:39:17.173"/>
</kw>
<kw name="Element Should Contain Text" library="AppiumLibrary">
<arg>xpath=//*[@text='There was an issue signing in']</arg>
<arg>There was an issue signing in</arg>
<doc>Verifies element identified by ``locator`` contains text ``expected``.</doc>
<msg timestamp="20230120 17:39:17.177" level="INFO">Verifying element 'xpath=//*[@text='There was an issue signing in']' contains text 'There was an issue signing in'.</msg>
<msg timestamp="20230120 17:39:17.235" level="INFO">xpath criteria: //*[@text='There was an issue signing in']</msg>
<status status="PASS" starttime="20230120 17:39:17.174" endtime="20230120 17:39:17.235"/>
</kw>
<kw name="Close Application" library="AppiumLibrary" type="TEARDOWN">
<doc>Closes the current application and also close webdriver session.</doc>
<status status="PASS" starttime="20230120 17:39:17.236" endtime="20230120 17:39:17.910"/>
</kw>
<status status="PASS" starttime="20230120 17:38:51.583" endtime="20230120 17:39:17.911"/>
</test>
<status status="PASS" starttime="20230120 17:38:51.137" endtime="20230120 17:39:17.912"/>
</suite>
<statistics>
<total>
<stat pass="1" fail="0" skip="0">All Tests</stat>
</total>
<tag>
</tag>
<suite>
<stat pass="1" fail="0" skip="0" id="s1" name="Demo1 App Lunch">Demo1 App Lunch</stat>
</suite>
</statistics>
<errors>
</errors>
</robot>
