<?xml version="1.0" encoding="UTF-8"?>
<robot generator="Robot 6.0.2 (Python 3.11.1 on win32)" generated="20230119 11:12:32.146" rpa="false" schemaversion="3">
<suite id="s1" name="Demo11 Advance" source="C:\Users\40032395\OneDrive - LTTS\Robots_projets\selenium_suits\demo11_advance.robot">
<test id="s1-t1" name="TC4" line="28">
<kw name="Open Browser" library="SeleniumLibrary">
<arg>browser=chrome</arg>
<doc>Opens a new browser instance to the optional ``url``.</doc>
<msg timestamp="20230119 11:12:32.566" level="INFO">Opening browser 'chrome' to base url 'None'.</msg>
<status status="PASS" starttime="20230119 11:12:32.565" endtime="20230119 11:12:35.483"/>
</kw>
<kw name="Maximize Browser Window" library="SeleniumLibrary">
<doc>Maximizes current browser window.</doc>
<status status="PASS" starttime="20230119 11:12:35.483" endtime="20230119 11:12:35.615"/>
</kw>
<kw name="Set Selenium Implicit Wait" library="SeleniumLibrary">
<arg>30s</arg>
<doc>Sets the implicit wait value used by Selenium.</doc>
<status status="PASS" starttime="20230119 11:12:35.615" endtime="20230119 11:12:35.619"/>
</kw>
<kw name="Go To" library="SeleniumLibrary">
<arg>url=https://nasscom.in</arg>
<doc>Navigates the current browser window to the provided ``url``.</doc>
<msg timestamp="20230119 11:12:35.622" level="INFO">Opening url 'https://nasscom.in'</msg>
<status status="PASS" starttime="20230119 11:12:35.620" endtime="20230119 11:12:58.056"/>
</kw>
<kw name="Get WebElement" library="SeleniumLibrary">
<var>${ele}</var>
<arg>xpath=//a[text()='Members Listing']</arg>
<doc>Returns the first WebElement matching the given ``locator``.</doc>
<msg timestamp="20230119 11:12:58.089" level="INFO">${ele} = &lt;selenium.webdriver.remote.webelement.WebElement (session="e728fb5b3975049a3324b00b7c0f2af6", element="e7efa2d4-3eaa-47b5-94e4-f45399525bff")&gt;</msg>
<status status="PASS" starttime="20230119 11:12:58.057" endtime="20230119 11:12:58.089"/>
</kw>
<kw name="Execute Javascript" library="SeleniumLibrary">
<arg>arguments[0].click()</arg>
<arg>ARGUMENTS</arg>
<arg>${ele}</arg>
<doc>Executes the given JavaScript code with possible arguments.</doc>
<msg timestamp="20230119 11:12:58.089" level="INFO">Executing JavaScript:
arguments[0].click()
By using argument:
'&lt;selenium.webdriver.remote.webelement.WebElement (session="e728fb5b3975049a3324b00b7c0f2af6", element="e7efa2d4-3eaa-47b5-94e4-f45399525bff")&gt;'</msg>
<status status="PASS" starttime="20230119 11:12:58.089" endtime="20230119 11:13:00.137"/>
</kw>
<status status="PASS" starttime="20230119 11:12:32.562" endtime="20230119 11:13:00.138"/>
</test>
<status status="PASS" starttime="20230119 11:12:32.152" endtime="20230119 11:13:00.140"/>
</suite>
<statistics>
<total>
<stat pass="1" fail="0" skip="0">All Tests</stat>
</total>
<tag>
</tag>
<suite>
<stat pass="1" fail="0" skip="0" id="s1" name="Demo11 Advance">Demo11 Advance</stat>
</suite>
</statistics>
<errors>
</errors>
</robot>
