<?xml version="1.0" encoding="UTF-8"?>
<robot generator="Robot 6.0.2 (Python 3.11.1 on win32)" generated="20230124 10:39:59.935" rpa="false" schemaversion="3">
<suite id="s1" name="Demo5 Ios Native App" source="C:\Users\40032395\OneDrive - LTTS\Robots_projets\appium_suit\demo5_ios_native_app.robot">
<test id="s1-t1" name="TC1" line="6">
<kw name="Create Dictionary" library="BuiltIn">
<var>${dic}</var>
<arg>buildName=khan lt7 New</arg>
<arg>projectName=khan project lt7</arg>
<arg>userName=masanisaibhargav_mhXe84</arg>
<arg>accessKey=38qjokFK9kamwCwgd5N6</arg>
<doc>Creates and returns a dictionary based on the given ``items``.</doc>
<msg timestamp="20230124 10:40:00.333" level="INFO">${dic} = {'buildName': 'khan lt7 New', 'projectName': 'khan project lt7', 'userName': 'masanisaibhargav_mhXe84', 'accessKey': '38qjokFK9kamwCwgd5N6'}</msg>
<status status="PASS" starttime="20230124 10:40:00.333" endtime="20230124 10:40:00.341"/>
</kw>
<kw name="Open Application" library="AppiumLibrary">
<arg>remote_url=http://hub.browserstack.com/wd/hub</arg>
<arg>platformName=ios</arg>
<arg>deviceName=iPhone 11 Pro</arg>
<arg>app=bs://04323ba077ba05e310700dab0771d7f22543baa3</arg>
<arg>platformVersion=13</arg>
<arg>bstack:options=${dic}</arg>
<doc>Opens a new application to given Appium server.
Capabilities of appium server, Android and iOS,
Please check https://github.com/appium/appium/blob/master/docs/en/writing-running-appium/server-args.md
| *Option*            | *Man.* | *Description*     |
| remote_url          | Yes    | Appium server url |
| alias               | no     | alias             |
| strict_ssl          | No     | allows you to send commands to an invalid certificate host like a self-signed one. |</doc>
<status status="PASS" starttime="20230124 10:40:00.341" endtime="20230124 10:40:50.968"/>
</kw>
<kw name="Wait Until Page Contains Element" library="AppiumLibrary">
<arg>xpath=//XCUIElementTypeTextField[@name="test-Username"]</arg>
<doc>Waits until element specified with `locator` appears on current page.</doc>
<msg timestamp="20230124 10:40:52.587" level="INFO">xpath criteria: //XCUIElementTypeTextField[@name="test-Username"]</msg>
<status status="PASS" starttime="20230124 10:40:50.969" endtime="20230124 10:40:52.587"/>
</kw>
<kw name="Input Text" library="AppiumLibrary">
<arg>xpath=//XCUIElementTypeTextField[@name="test-Username"]</arg>
<arg>standard_user</arg>
<doc>Types the given `text` into text field identified by `locator`.</doc>
<msg timestamp="20230124 10:40:52.588" level="INFO">Typing text 'standard_user' into text field 'xpath=//XCUIElementTypeTextField[@name="test-Username"]'</msg>
<msg timestamp="20230124 10:40:58.896" level="INFO">xpath criteria: //XCUIElementTypeTextField[@name="test-Username"]</msg>
<status status="PASS" starttime="20230124 10:40:52.588" endtime="20230124 10:40:58.896"/>
</kw>
<kw name="Wait Until Page Contains Element" library="AppiumLibrary">
<arg>xpath=//XCUIElementTypeSecureTextField[@name="test-Password"]</arg>
<doc>Waits until element specified with `locator` appears on current page.</doc>
<msg timestamp="20230124 10:40:59.948" level="INFO">xpath criteria: //XCUIElementTypeSecureTextField[@name="test-Password"]</msg>
<status status="PASS" starttime="20230124 10:40:58.896" endtime="20230124 10:40:59.948"/>
</kw>
<kw name="Input Text" library="AppiumLibrary">
<arg>xpath=//XCUIElementTypeSecureTextField[@name="test-Password"]</arg>
<arg>secret_sauce</arg>
<doc>Types the given `text` into text field identified by `locator`.</doc>
<msg timestamp="20230124 10:40:59.964" level="INFO">Typing text 'secret_sauce' into text field 'xpath=//XCUIElementTypeSecureTextField[@name="test-Password"]'</msg>
<msg timestamp="20230124 10:41:04.820" level="INFO">xpath criteria: //XCUIElementTypeSecureTextField[@name="test-Password"]</msg>
<status status="PASS" starttime="20230124 10:40:59.948" endtime="20230124 10:41:04.826"/>
</kw>
<kw name="Wait Until Page Contains Element" library="AppiumLibrary">
<arg>xpath=//XCUIElementTypeOther[@name="test-LOGIN"]</arg>
<doc>Waits until element specified with `locator` appears on current page.</doc>
<msg timestamp="20230124 10:41:06.262" level="INFO">xpath criteria: //XCUIElementTypeOther[@name="test-LOGIN"]</msg>
<status status="PASS" starttime="20230124 10:41:04.826" endtime="20230124 10:41:06.262"/>
</kw>
<kw name="Click Element" library="AppiumLibrary">
<arg>xpath=//XCUIElementTypeOther[@name="test-LOGIN"]</arg>
<doc>Click element identified by `locator`.</doc>
<msg timestamp="20230124 10:41:06.263" level="INFO">Clicking element 'xpath=//XCUIElementTypeOther[@name="test-LOGIN"]'.</msg>
<msg timestamp="20230124 10:41:08.153" level="INFO">xpath criteria: //XCUIElementTypeOther[@name="test-LOGIN"]</msg>
<status status="PASS" starttime="20230124 10:41:06.263" endtime="20230124 10:41:08.154"/>
</kw>
<kw name="Wait Until Page Contains Element" library="AppiumLibrary">
<arg>xpath=(//XCUIElementTypeOther[@name="test-ADD TO CART"])[1]</arg>
<doc>Waits until element specified with `locator` appears on current page.</doc>
<msg timestamp="20230124 10:41:12.059" level="INFO">xpath criteria: (//XCUIElementTypeOther[@name="test-ADD TO CART"])[1]</msg>
<status status="PASS" starttime="20230124 10:41:08.155" endtime="20230124 10:41:12.059"/>
</kw>
<kw name="Click Element" library="AppiumLibrary">
<arg>xpath=(//XCUIElementTypeOther[@name="test-ADD TO CART"])[1]</arg>
<doc>Click element identified by `locator`.</doc>
<msg timestamp="20230124 10:41:12.059" level="INFO">Clicking element 'xpath=(//XCUIElementTypeOther[@name="test-ADD TO CART"])[1]'.</msg>
<msg timestamp="20230124 10:41:13.969" level="INFO">xpath criteria: (//XCUIElementTypeOther[@name="test-ADD TO CART"])[1]</msg>
<status status="PASS" starttime="20230124 10:41:12.059" endtime="20230124 10:41:13.969"/>
</kw>
<kw name="Wait Until Page Contains Element" library="AppiumLibrary">
<arg>xpath=//XCUIElementTypeOther[@name="test-Cart"]</arg>
<doc>Waits until element specified with `locator` appears on current page.</doc>
<msg timestamp="20230124 10:41:16.321" level="INFO">xpath criteria: //XCUIElementTypeOther[@name="test-Cart"]</msg>
<status status="PASS" starttime="20230124 10:41:13.969" endtime="20230124 10:41:16.321"/>
</kw>
<kw name="Click Element" library="AppiumLibrary">
<arg>xpath=//XCUIElementTypeOther[@name="test-Cart"]</arg>
<doc>Click element identified by `locator`.</doc>
<msg timestamp="20230124 10:41:16.321" level="INFO">Clicking element 'xpath=//XCUIElementTypeOther[@name="test-Cart"]'.</msg>
<msg timestamp="20230124 10:41:18.417" level="INFO">xpath criteria: //XCUIElementTypeOther[@name="test-Cart"]</msg>
<status status="PASS" starttime="20230124 10:41:16.321" endtime="20230124 10:41:18.418"/>
</kw>
<kw name="Wait Until Page Contains Element" library="AppiumLibrary">
<arg>xpath=//XCUIElementTypeOther[@name="test-CHECKOUT"]</arg>
<doc>Waits until element specified with `locator` appears on current page.</doc>
<msg timestamp="20230124 10:41:19.348" level="INFO">xpath criteria: //XCUIElementTypeOther[@name="test-CHECKOUT"]</msg>
<status status="PASS" starttime="20230124 10:41:18.418" endtime="20230124 10:41:19.348"/>
</kw>
<kw name="Click Element" library="AppiumLibrary">
<arg>xpath=//XCUIElementTypeOther[@name="test-CHECKOUT"]</arg>
<doc>Click element identified by `locator`.</doc>
<msg timestamp="20230124 10:41:19.348" level="INFO">Clicking element 'xpath=//XCUIElementTypeOther[@name="test-CHECKOUT"]'.</msg>
<msg timestamp="20230124 10:41:23.698" level="INFO">xpath criteria: //XCUIElementTypeOther[@name="test-CHECKOUT"]</msg>
<status status="PASS" starttime="20230124 10:41:19.348" endtime="20230124 10:41:23.698"/>
</kw>
<kw name="Input Text" library="AppiumLibrary">
<arg>xpath=//XCUIElementTypeTextField[@name="test-First Name"]</arg>
<arg>john</arg>
<doc>Types the given `text` into text field identified by `locator`.</doc>
<msg timestamp="20230124 10:41:23.698" level="INFO">Typing text 'john' into text field 'xpath=//XCUIElementTypeTextField[@name="test-First Name"]'</msg>
<msg timestamp="20230124 10:41:28.209" level="INFO">xpath criteria: //XCUIElementTypeTextField[@name="test-First Name"]</msg>
<status status="PASS" starttime="20230124 10:41:23.698" endtime="20230124 10:41:28.210"/>
</kw>
<kw name="Input Text" library="AppiumLibrary">
<arg>xpath=//XCUIElementTypeTextField[@name="test-Last Name"]</arg>
<arg>jo</arg>
<doc>Types the given `text` into text field identified by `locator`.</doc>
<msg timestamp="20230124 10:41:28.210" level="INFO">Typing text 'jo' into text field 'xpath=//XCUIElementTypeTextField[@name="test-Last Name"]'</msg>
<msg timestamp="20230124 10:41:34.723" level="INFO">xpath criteria: //XCUIElementTypeTextField[@name="test-Last Name"]</msg>
<status status="PASS" starttime="20230124 10:41:28.210" endtime="20230124 10:41:34.723"/>
</kw>
<kw name="Input Text" library="AppiumLibrary">
<arg>xpath=//XCUIElementTypeTextField[@name="test-Zip/Postal Code"]</arg>
<arg>100022</arg>
<doc>Types the given `text` into text field identified by `locator`.</doc>
<msg timestamp="20230124 10:41:34.726" level="INFO">Typing text '100022' into text field 'xpath=//XCUIElementTypeTextField[@name="test-Zip/Postal Code"]'</msg>
<msg timestamp="20230124 10:41:38.171" level="INFO">xpath criteria: //XCUIElementTypeTextField[@name="test-Zip/Postal Code"]</msg>
<status status="PASS" starttime="20230124 10:41:34.725" endtime="20230124 10:41:38.171"/>
</kw>
<kw name="Wait Until Page Contains Element" library="AppiumLibrary">
<arg>xpath=//XCUIElementTypeOther[@name="test-CONTINUE"]</arg>
<doc>Waits until element specified with `locator` appears on current page.</doc>
<msg timestamp="20230124 10:41:40.126" level="INFO">xpath criteria: //XCUIElementTypeOther[@name="test-CONTINUE"]</msg>
<status status="PASS" starttime="20230124 10:41:38.171" endtime="20230124 10:41:40.126"/>
</kw>
<kw name="Click Element" library="AppiumLibrary">
<arg>xpath=//XCUIElementTypeOther[@name="test-CONTINUE"]</arg>
<doc>Click element identified by `locator`.</doc>
<msg timestamp="20230124 10:41:40.130" level="INFO">Clicking element 'xpath=//XCUIElementTypeOther[@name="test-CONTINUE"]'.</msg>
<msg timestamp="20230124 10:41:44.735" level="INFO">xpath criteria: //XCUIElementTypeOther[@name="test-CONTINUE"]</msg>
<status status="PASS" starttime="20230124 10:41:40.127" endtime="20230124 10:41:44.735"/>
</kw>
<kw name="Close Application" library="AppiumLibrary" type="TEARDOWN">
<doc>Closes the current application and also close webdriver session.</doc>
<status status="PASS" starttime="20230124 10:41:44.735" endtime="20230124 10:41:48.994"/>
</kw>
<status status="PASS" starttime="20230124 10:40:00.333" endtime="20230124 10:41:48.994"/>
</test>
<status status="PASS" starttime="20230124 10:39:59.952" endtime="20230124 10:41:48.994"/>
</suite>
<statistics>
<total>
<stat pass="1" fail="0" skip="0">All Tests</stat>
</total>
<tag>
</tag>
<suite>
<stat pass="1" fail="0" skip="0" id="s1" name="Demo5 Ios Native App">Demo5 Ios Native App</stat>
</suite>
</statistics>
<errors>
</errors>
</robot>
