<?xml version="1.0" encoding="UTF-8"?>
<robot generator="Robot 6.0.2 (Python 3.11.1 on win32)" generated="20230121 17:49:08.309" rpa="false" schemaversion="3">
<suite id="s1" name="Demo2 Android Native App" source="C:\Users\40032395\OneDrive - LTTS\Robots_projets\appium_suit\demo2_android_native_app.robot">
<test id="s1-t1" name="TC2" line="46">
<kw name="Open Application" library="AppiumLibrary">
<arg>remote_url=http://localhost:4723/wd/hub</arg>
<arg>platformName=android</arg>
<arg>deviceName=oneplus</arg>
<arg>appPackage=org.khanacademy.android</arg>
<arg>appActivity=org.khanacademy.android.ui.library.MainActivity</arg>
<arg>noReset=true</arg>
<doc>Opens a new application to given Appium server.
Capabilities of appium server, Android and iOS,
Please check https://github.com/appium/appium/blob/master/docs/en/writing-running-appium/server-args.md
| *Option*            | *Man.* | *Description*     |
| remote_url          | Yes    | Appium server url |
| alias               | no     | alias             |
| strict_ssl          | No     | allows you to send commands to an invalid certificate host like a self-signed one. |</doc>
<status status="PASS" starttime="20230121 17:49:08.654" endtime="20230121 17:49:18.282"/>
</kw>
<status status="PASS" starttime="20230121 17:49:08.654" endtime="20230121 17:49:18.283"/>
</test>
<status status="PASS" starttime="20230121 17:49:08.314" endtime="20230121 17:49:18.284"/>
</suite>
<statistics>
<total>
<stat pass="1" fail="0" skip="0">All Tests</stat>
</total>
<tag>
</tag>
<suite>
<stat pass="1" fail="0" skip="0" id="s1" name="Demo2 Android Native App">Demo2 Android Native App</stat>
</suite>
</statistics>
<errors>
</errors>
</robot>
