<?xml version="1.0" encoding="UTF-8"?>
<robot generator="Robot 6.0.2 (Python 3.11.1 on win32)" generated="20230124 06:01:25.893" rpa="false" schemaversion="3">
<suite id="s1" name="Demo12 Open Emr" source="C:\Users\40032395\OneDrive - LTTS\Robots_projets\selenium_suits\demo12_open_emr.robot">
<test id="s1-t1" name="Tc1" line="4">
<kw name="Open Browser" library="SeleniumLibrary">
<arg>browser=chrome</arg>
<doc>Opens a new browser instance to the optional ``url``.</doc>
<msg timestamp="20230124 06:01:26.247" level="INFO">Opening browser 'chrome' to base url 'None'.</msg>
<status status="PASS" starttime="20230124 06:01:26.247" endtime="20230124 06:01:28.161"/>
</kw>
<kw name="Maximize Browser Window" library="SeleniumLibrary">
<doc>Maximizes current browser window.</doc>
<status status="PASS" starttime="20230124 06:01:28.162" endtime="20230124 06:01:28.305"/>
</kw>
<kw name="Set Selenium Implicit Wait" library="SeleniumLibrary">
<arg>50s</arg>
<doc>Sets the implicit wait value used by Selenium.</doc>
<status status="PASS" starttime="20230124 06:01:28.306" endtime="20230124 06:01:28.317"/>
</kw>
<kw name="Go To" library="SeleniumLibrary">
<arg>url=http://demo.openemr.io/b/openemr/</arg>
<doc>Navigates the current browser window to the provided ``url``.</doc>
<msg timestamp="20230124 06:01:28.318" level="INFO">Opening url 'http://demo.openemr.io/b/openemr/'</msg>
<status status="PASS" starttime="20230124 06:01:28.317" endtime="20230124 06:01:37.413"/>
</kw>
<kw name="Input Text" library="SeleniumLibrary">
<arg>name=authUser</arg>
<arg>admin</arg>
<doc>Types the given ``text`` into the text field identified by ``locator``.</doc>
<msg timestamp="20230124 06:01:37.416" level="INFO">Typing text 'admin' into text field 'name=authUser'.</msg>
<status status="PASS" starttime="20230124 06:01:37.414" endtime="20230124 06:01:37.545"/>
</kw>
<kw name="Input Password" library="SeleniumLibrary">
<arg>name=clearPass</arg>
<arg>pass</arg>
<doc>Types the given password into the text field identified by ``locator``.</doc>
<msg timestamp="20230124 06:01:37.547" level="INFO">Typing password into text field 'name=clearPass'.</msg>
<msg timestamp="20230124 06:01:37.605" level="INFO">Temporally setting log level to: NONE</msg>
<msg timestamp="20230124 06:01:37.675" level="INFO">Log level changed from NONE to INFO.</msg>
<status status="PASS" starttime="20230124 06:01:37.546" endtime="20230124 06:01:37.676"/>
</kw>
<kw name="Select From List By Label" library="SeleniumLibrary">
<arg>name=languageChoice</arg>
<arg>English (Indian)</arg>
<doc>Selects options from selection list ``locator`` by ``labels``.</doc>
<msg timestamp="20230124 06:01:37.677" level="INFO">Selecting options from selection list 'name=languageChoice' by label English (Indian).</msg>
<status status="PASS" starttime="20230124 06:01:37.676" endtime="20230124 06:01:37.819"/>
</kw>
<kw name="Click Element" library="SeleniumLibrary">
<arg>id=login-button</arg>
<doc>Click the element identified by ``locator``.</doc>
<msg timestamp="20230124 06:01:37.821" level="INFO">Clicking element 'id=login-button'.</msg>
<status status="PASS" starttime="20230124 06:01:37.819" endtime="20230124 06:01:47.862"/>
</kw>
<kw name="Mouse Over" library="SeleniumLibrary">
<arg>xpath=//div[@class='menuLabel px-1 dropdown-toggle oe-dropdown-toggle']</arg>
<doc>Simulates hovering the mouse over the element ``locator``.</doc>
<msg timestamp="20230124 06:01:47.864" level="INFO">Simulating Mouse Over on element 'xpath=//div[@class='menuLabel px-1 dropdown-toggle oe-dropdown-toggle']'.</msg>
<status status="PASS" starttime="20230124 06:01:47.863" endtime="20230124 06:01:48.159"/>
</kw>
<kw name="Click Element" library="SeleniumLibrary">
<arg>xpath=//div[text()='New/Search']</arg>
<doc>Click the element identified by ``locator``.</doc>
<msg timestamp="20230124 06:01:48.160" level="INFO">Clicking element 'xpath=//div[text()='New/Search']'.</msg>
<status status="PASS" starttime="20230124 06:01:48.160" endtime="20230124 06:01:48.254"/>
</kw>
<kw name="Select Frame" library="SeleniumLibrary">
<arg>xpath=//iframe[@name='pat']</arg>
<doc>Sets frame identified by ``locator`` as the current frame.</doc>
<msg timestamp="20230124 06:01:48.257" level="INFO">Selecting frame 'xpath=//iframe[@name='pat']'.</msg>
<status status="PASS" starttime="20230124 06:01:48.255" endtime="20230124 06:01:58.494"/>
</kw>
<kw name="Select From List By Label" library="SeleniumLibrary">
<arg>name=form_title</arg>
<arg>Mr.</arg>
<doc>Selects options from selection list ``locator`` by ``labels``.</doc>
<msg timestamp="20230124 06:01:58.496" level="INFO">Selecting options from selection list 'name=form_title' by label Mr..</msg>
<status status="PASS" starttime="20230124 06:01:58.495" endtime="20230124 06:01:58.601"/>
</kw>
<kw name="Input Text" library="SeleniumLibrary">
<arg>id=form_fname</arg>
<arg>sai</arg>
<doc>Types the given ``text`` into the text field identified by ``locator``.</doc>
<msg timestamp="20230124 06:01:58.602" level="INFO">Typing text 'sai' into text field 'id=form_fname'.</msg>
<status status="PASS" starttime="20230124 06:01:58.601" endtime="20230124 06:01:58.813"/>
</kw>
<kw name="Input Text" library="SeleniumLibrary">
<arg>id=form_mname</arg>
<arg>bhargav</arg>
<doc>Types the given ``text`` into the text field identified by ``locator``.</doc>
<msg timestamp="20230124 06:01:58.814" level="INFO">Typing text 'bhargav' into text field 'id=form_mname'.</msg>
<status status="PASS" starttime="20230124 06:01:58.813" endtime="20230124 06:01:58.951"/>
</kw>
<kw name="Input Text" library="SeleniumLibrary">
<arg>id=form_lname</arg>
<arg>reddy</arg>
<doc>Types the given ``text`` into the text field identified by ``locator``.</doc>
<msg timestamp="20230124 06:01:58.952" level="INFO">Typing text 'reddy' into text field 'id=form_lname'.</msg>
<status status="PASS" starttime="20230124 06:01:58.951" endtime="20230124 06:01:59.092"/>
</kw>
<kw name="Input Text" library="SeleniumLibrary">
<arg>id=form_suffix</arg>
<arg>masani</arg>
<doc>Types the given ``text`` into the text field identified by ``locator``.</doc>
<msg timestamp="20230124 06:01:59.094" level="INFO">Typing text 'masani' into text field 'id=form_suffix'.</msg>
<status status="PASS" starttime="20230124 06:01:59.092" endtime="20230124 06:01:59.231"/>
</kw>
<kw name="Input Text" library="SeleniumLibrary">
<arg>name=form_DOB</arg>
<arg>24-01-2023</arg>
<doc>Types the given ``text`` into the text field identified by ``locator``.</doc>
<msg timestamp="20230124 06:01:59.233" level="INFO">Typing text '24-01-2023' into text field 'name=form_DOB'.</msg>
<status status="PASS" starttime="20230124 06:01:59.231" endtime="20230124 06:01:59.385"/>
</kw>
<kw name="Select From List By Label" library="SeleniumLibrary">
<arg>name=form_sex</arg>
<arg>Male</arg>
<doc>Selects options from selection list ``locator`` by ``labels``.</doc>
<msg timestamp="20230124 06:01:59.386" level="INFO">Selecting options from selection list 'name=form_sex' by label Male.</msg>
<status status="PASS" starttime="20230124 06:01:59.385" endtime="20230124 06:01:59.575"/>
</kw>
<kw name="Click Element" library="SeleniumLibrary">
<arg>id=create</arg>
<doc>Click the element identified by ``locator``.</doc>
<msg timestamp="20230124 06:01:59.577" level="INFO">Clicking element 'id=create'.</msg>
<status status="PASS" starttime="20230124 06:01:59.576" endtime="20230124 06:01:59.769"/>
</kw>
<kw name="Unselect Frame" library="SeleniumLibrary">
<doc>Sets the main frame as the current frame.</doc>
<status status="PASS" starttime="20230124 06:01:59.770" endtime="20230124 06:01:59.780"/>
</kw>
<kw name="Select Frame" library="SeleniumLibrary">
<arg>xpath=//iframe[@id='modalframe']</arg>
<doc>Sets frame identified by ``locator`` as the current frame.</doc>
<msg timestamp="20230124 06:01:59.781" level="INFO">Selecting frame 'xpath=//iframe[@id='modalframe']'.</msg>
<status status="PASS" starttime="20230124 06:01:59.780" endtime="20230124 06:02:00.443"/>
</kw>
<kw name="Click Element" library="SeleniumLibrary">
<arg>xpath=//input[@onclick='dlgclose("srcConfirmSave", false);']</arg>
<doc>Click the element identified by ``locator``.</doc>
<msg timestamp="20230124 06:02:00.444" level="INFO">Clicking element 'xpath=//input[@onclick='dlgclose("srcConfirmSave", false);']'.</msg>
<status status="PASS" starttime="20230124 06:02:00.443" endtime="20230124 06:02:00.562"/>
</kw>
<kw name="Sleep" library="BuiltIn">
<arg>15s</arg>
<doc>Pauses the test executed for the given time.</doc>
<msg timestamp="20230124 06:02:15.565" level="INFO">Slept 15 seconds</msg>
<status status="PASS" starttime="20230124 06:02:00.563" endtime="20230124 06:02:15.566"/>
</kw>
<kw name="Handle Alert" library="SeleniumLibrary">
<var>${alert_text}</var>
<arg>action=ACCEPT</arg>
<doc>Handles the current alert and returns its message.</doc>
<msg timestamp="20230124 06:02:15.567" level="INFO">HANDLE::&lt;class 'NoneType'&gt;::None</msg>
<msg timestamp="20230124 06:02:15.582" level="INFO">${alert_text} = New Due Clinical Reminders  Assessment: Tobacco  (See the Clinical Reminders widget for more details)</msg>
<status status="PASS" starttime="20230124 06:02:15.566" endtime="20230124 06:02:15.582"/>
</kw>
<kw name="Log To Console" library="BuiltIn">
<arg>${alert_text}</arg>
<doc>Logs the given message to the console.</doc>
<status status="PASS" starttime="20230124 06:02:15.583" endtime="20230124 06:02:15.584"/>
</kw>
<kw name="Click Element" library="SeleniumLibrary">
<arg>xpath=//div[@class='closeDlgIframe']</arg>
<doc>Click the element identified by ``locator``.</doc>
<msg timestamp="20230124 06:02:15.587" level="INFO">Clicking element 'xpath=//div[@class='closeDlgIframe']'.</msg>
<status status="PASS" starttime="20230124 06:02:15.585" endtime="20230124 06:02:15.755"/>
</kw>
<kw name="Select Frame" library="SeleniumLibrary">
<arg>xpath=//iframe[@name='pat']</arg>
<doc>Sets frame identified by ``locator`` as the current frame.</doc>
<msg timestamp="20230124 06:02:15.756" level="INFO">Selecting frame 'xpath=//iframe[@name='pat']'.</msg>
<status status="PASS" starttime="20230124 06:02:15.755" endtime="20230124 06:02:15.790"/>
</kw>
<kw name="Element Should Contain" library="SeleniumLibrary">
<arg>xpath=//h2[contains(text(),'Medical Record Dashboard')]</arg>
<arg>sai bhargav reddy masani</arg>
<doc>Verifies that element ``locator`` contains text ``expected``.</doc>
<msg timestamp="20230124 06:02:15.840" level="INFO">Element 'xpath=//h2[contains(text(),'Medical Record Dashboard')]' contains text 'sai bhargav reddy masani'.</msg>
<status status="PASS" starttime="20230124 06:02:15.791" endtime="20230124 06:02:15.840"/>
</kw>
<status status="PASS" starttime="20230124 06:01:26.247" endtime="20230124 06:02:15.840"/>
</test>
<status status="PASS" starttime="20230124 06:01:25.898" endtime="20230124 06:02:15.841"/>
</suite>
<statistics>
<total>
<stat pass="1" fail="0" skip="0">All Tests</stat>
</total>
<tag>
</tag>
<suite>
<stat pass="1" fail="0" skip="0" id="s1" name="Demo12 Open Emr">Demo12 Open Emr</stat>
</suite>
</statistics>
<errors>
</errors>
</robot>
