<?xml version="1.0" encoding="UTF-8"?>
<robot generator="Robot 6.0.2 (Python 3.11.1 on win32)" generated="20230119 14:18:07.674" rpa="false" schemaversion="3">
<suite id="s1" name="Demo3" source="C:\Users\40032395\OneDrive - LTTS\Robots_projets\Robot_suit\demo3.robot">
<test id="s1-t1" name="TC5" line="32">
<kw name="Create Dictionary" library="BuiltIn">
<var>${emp_dic}</var>
<arg>emp_id=12345</arg>
<arg>emp_name=jack</arg>
<arg>role=asdfgh</arg>
<doc>Creates and returns a dictionary based on the given ``items``.</doc>
<msg timestamp="20230119 14:18:07.746" level="INFO">${emp_dic} = {'emp_id': '12345', 'emp_name': 'jack', 'role': 'asdfgh'}</msg>
<status status="PASS" starttime="20230119 14:18:07.746" endtime="20230119 14:18:07.746"/>
</kw>
<kw name="Log To Console" library="BuiltIn">
<arg>${emp_dic}[role]</arg>
<doc>Logs the given message to the console.</doc>
<status status="PASS" starttime="20230119 14:18:07.746" endtime="20230119 14:18:07.746"/>
</kw>
<status status="PASS" starttime="20230119 14:18:07.739" endtime="20230119 14:18:07.746"/>
</test>
<status status="PASS" starttime="20230119 14:18:07.680" endtime="20230119 14:18:07.746"/>
</suite>
<statistics>
<total>
<stat pass="1" fail="0" skip="0">All Tests</stat>
</total>
<tag>
</tag>
<suite>
<stat pass="1" fail="0" skip="0" id="s1" name="Demo3">Demo3</stat>
</suite>
</statistics>
<errors>
</errors>
</robot>
